<?xml version="1.0" encoding="utf-8" standalone="no"?>
<!--This file represents the results of running a test suite-->
<test-results name="D:\Pankaj-Stuff\NunitTestProject\NunitTestProject\bin\Debug\NunitTestProject.dll" total="4" errors="0" failures="0" not-run="0" inconclusive="0" ignored="0" skipped="0" invalid="0" date="2011-11-09" time="16:14:09">
  <environment nunit-version="2.5.10.11092" clr-version="2.0.50727.5420" os-version="Microsoft Windows NT 6.1.7601 Service Pack 1" platform="Win32NT" cwd="C:\Program Files\NUnit 2.5.10\bin\net-2.0" machine-name="W7DDELL-371" user="pankajv" user-domain="PYRAMIDINDIA" />
  <culture-info current-culture="en-IN" current-uiculture="en-US" />
  <test-suite type="Assembly" name="D:\Pankaj-Stuff\NunitTestProject\NunitTestProject\bin\Debug\NunitTestProject.dll" executed="True" result="Success" success="True" time="0.069" asserts="0">
    <results>
      <test-suite type="Namespace" name="NunitTestProject" executed="True" result="Success" success="True" time="0.062" asserts="0">
        <results>
          <test-suite type="TestFixture" name="UnitTest1" executed="True" result="Success" success="True" time="0.061" asserts="0">
            <results>
              <test-suite type="ParameterizedTest" name="Add_EmptyString" executed="True" result="Success" success="True" time="0.046" asserts="0">
                <results>
                  <test-case name="NunitTestProject.UnitTest1.Add_EmptyString(&quot;&quot;)" executed="True" result="Success" success="True" time="0.043" asserts="2" />
                </results>
              </test-suite>
              <test-suite type="ParameterizedTest" name="Add_MultipleValueString" executed="True" result="Success" success="True" time="0.001" asserts="0">
                <results>
                  <test-case name="NunitTestProject.UnitTest1.Add_MultipleValueString(&quot;2,4,9,10&quot;)" executed="True" result="Success" success="True" time="0.000" asserts="2" />
                </results>
              </test-suite>
              <test-suite type="ParameterizedTest" name="Add_OneValueString" executed="True" result="Success" success="True" time="0.001" asserts="0">
                <results>
                  <test-case name="NunitTestProject.UnitTest1.Add_OneValueString(&quot;2&quot;)" executed="True" result="Success" success="True" time="0.000" asserts="2" />
                </results>
              </test-suite>
              <test-suite type="ParameterizedTest" name="Add_TwoValueString" executed="True" result="Success" success="True" time="0.000" asserts="0">
                <results>
                  <test-case name="NunitTestProject.UnitTest1.Add_TwoValueString(&quot;2,4&quot;)" executed="True" result="Success" success="True" time="0.000" asserts="2" />
                </results>
              </test-suite>
            </results>
          </test-suite>
        </results>
      </test-suite>
    </results>
  </test-suite>
</test-results>